<?xml version="1.0" encoding="UTF-8"?>
<!-- Generated by org.testng.reporters.JUnitReportReporter -->
<testsuite skipped="0" hostname="JAKFAR-YAKUB" name="qaautomation.may2022.APITest" tests="2" failures="0" timestamp="2022-05-28T14:47:18 ICT" time="3.961" errors="0">
  <testcase name="createUsersAPI" time="3.385" classname="qaautomation.may2022.APITest"/>
  <system-out/>
  <testcase name="loginAPI" time="0.576" classname="qaautomation.may2022.APITest"/>
  <system-out/>
</testsuite> <!-- qaautomation.may2022.APITest -->
