<?xml version="1.0" encoding="UTF-8"?>
<!-- Generated by org.testng.reporters.JUnitReportReporter -->
<testsuite skipped="0" hostname="JAKFAR-YAKUB" name="qaautomation.may2022.GraphQLTest" tests="1" failures="0" timestamp="2022-06-26T16:03:36 ICT" time="4.094" errors="0">
  <testcase name="checkCEO" time="4.094" classname="qaautomation.may2022.GraphQLTest"/>
  <system-out/>
</testsuite> <!-- qaautomation.may2022.GraphQLTest -->
