<?xml version="1.0" encoding="UTF-8"?>
<!-- Generated by org.testng.reporters.JUnitReportReporter -->
<testsuite skipped="0" hostname="JAKFAR-YAKUB" name="qaautomation.may2022.APITestAfterRefactor" tests="3" failures="0" timestamp="2022-06-24T16:35:39 ICT" time="12.318" errors="0">
  <testcase name="userAPI" time="5.446" classname="qaautomation.may2022.APITestAfterRefactor"/>
  <system-out/>
  <testcase name="dashboardAPI" time="3.336" classname="qaautomation.may2022.APITestAfterRefactor"/>
  <system-out/>
  <testcase name="configAPI" time="3.536" classname="qaautomation.may2022.APITestAfterRefactor"/>
  <system-out/>
</testsuite> <!-- qaautomation.may2022.APITestAfterRefactor -->
