<?xml version="1.0" encoding="UTF-8"?>
<!-- Generated by org.testng.reporters.JUnitReportReporter -->
<testsuite skipped="0" hostname="JAKFAR-YAKUB" name="qaautomation.may2022.NewMyOrbit" tests="1" failures="0" timestamp="21 May 2022 12:10:11 GMT" time="4.319" errors="0">
  <testcase name="aksesWebsite" time="4.319" classname="qaautomation.may2022.NewMyOrbit"/>
</testsuite> <!-- qaautomation.may2022.NewMyOrbit -->
