<?xml version="1.0" encoding="UTF-8"?>
<!-- Generated by org.testng.reporters.JUnitReportReporter -->
<testsuite skipped="0" hostname="JAKFAR-YAKUB" name="qaautomation.may2022.WebTestAfterRefactor" tests="4" failures="0" timestamp="22 May 2022 06:56:46 GMT" time="38.010" errors="0">
  <testcase name="testLoginFailedWrongUsername" time="9.411" classname="qaautomation.may2022.WebTestAfterRefactor"/>
  <testcase name="testLoginFailedWrongUsernameandPassword" time="9.539" classname="qaautomation.may2022.WebTestAfterRefactor"/>
  <testcase name="testLogin" time="7.110" classname="qaautomation.may2022.WebTestAfterRefactor"/>
  <testcase name="testLoginFailedWrongPassword" time="11.950" classname="qaautomation.may2022.WebTestAfterRefactor"/>
</testsuite> <!-- qaautomation.may2022.WebTestAfterRefactor -->
