<?xml version="1.0" encoding="UTF-8"?>
<!-- Generated by org.testng.reporters.JUnitReportReporter -->
<testsuite skipped="0" hostname="JAKFAR-YAKUB" name="qaautomation.may2022.WebTestAfterPOM" tests="4" failures="0" timestamp="2022-06-14T14:41:32 ICT" time="42.489" errors="0">
  <testcase name="testLoginFailedWrongUsernameandPassword" time="9.047" classname="qaautomation.may2022.WebTestAfterPOM"/>
  <system-out/>
  <testcase name="testLoginFailedWrongUsername" time="11.545" classname="qaautomation.may2022.WebTestAfterPOM"/>
  <system-out/>
  <testcase name="testLoginFailedWrongPassword" time="11.885" classname="qaautomation.may2022.WebTestAfterPOM"/>
  <system-out/>
  <testcase name="testLogin" time="10.012" classname="qaautomation.may2022.WebTestAfterPOM"/>
  <system-out/>
</testsuite> <!-- qaautomation.may2022.WebTestAfterPOM -->
