<?xml version="1.0" encoding="UTF-8"?>
<!-- Generated by org.testng.reporters.JUnitReportReporter -->
<testsuite skipped="0" hostname="JAKFAR-YAKUB" name="TugasAutomationSauceDemo.TestAutomationPOM" tests="1" failures="0" timestamp="2022-06-14T14:45:11 ICT" time="5.947" errors="0">
  <testcase name="checkOutCompleted" time="5.947" classname="TugasAutomationSauceDemo.TestAutomationPOM"/>
  <system-out/>
</testsuite> <!-- TugasAutomationSauceDemo.TestAutomationPOM -->
