<?xml version="1.0" encoding="UTF-8"?>
<!-- Generated by org.testng.reporters.JUnitReportReporter -->
<testsuite skipped="0" hostname="JAKFAR-YAKUB" name="qaautomation.may2022.WebTest" tests="4" failures="0" timestamp="22 May 2022 06:25:05 GMT" time="36.740" errors="0">
  <testcase name="testLogin" time="8.684" classname="qaautomation.may2022.WebTest"/>
  <testcase name="testLoginFailedWrongPassword" time="9.550" classname="qaautomation.may2022.WebTest"/>
  <testcase name="testLoginFailedWrongUsername" time="9.714" classname="qaautomation.may2022.WebTest"/>
  <testcase name="testLoginFailedWrongUsernameAndPassword" time="8.792" classname="qaautomation.may2022.WebTest"/>
</testsuite> <!-- qaautomation.may2022.WebTest -->
